[2025-04-16T11:05:13.373+0000] {local_task_job_runner.py:123} INFO - ::group::Pre task execution logs
[2025-04-16T11:05:13.392+0000] {taskinstance.py:2614} INFO - Dependencies all met for dep_context=non-requeueable deps ti=<TaskInstance: retail_sales_csv_to_postgres.read_csv_file manual__2025-04-16T11:05:08.418671+00:00 [queued]>
[2025-04-16T11:05:13.401+0000] {taskinstance.py:2614} INFO - Dependencies all met for dep_context=requeueable deps ti=<TaskInstance: retail_sales_csv_to_postgres.read_csv_file manual__2025-04-16T11:05:08.418671+00:00 [queued]>
[2025-04-16T11:05:13.402+0000] {taskinstance.py:2867} INFO - Starting attempt 1 of 2
[2025-04-16T11:05:13.432+0000] {taskinstance.py:2890} INFO - Executing <Task(PythonOperator): read_csv_file> on 2025-04-16 11:05:08.418671+00:00
[2025-04-16T11:05:13.442+0000] {warnings.py:112} WARNING - /home/***/.local/lib/python3.12/site-packages/***/task/task_runner/standard_task_runner.py:70: DeprecationWarning: This process (pid=150) is multi-threaded, use of fork() may lead to deadlocks in the child.
  pid = os.fork()

[2025-04-16T11:05:13.445+0000] {standard_task_runner.py:72} INFO - Started process 152 to run task
[2025-04-16T11:05:13.444+0000] {standard_task_runner.py:104} INFO - Running: ['***', 'tasks', 'run', 'retail_sales_csv_to_postgres', 'read_csv_file', 'manual__2025-04-16T11:05:08.418671+00:00', '--job-id', '3', '--raw', '--subdir', 'DAGS_FOLDER/retail_sales.py', '--cfg-path', '/tmp/tmpd_472s9v']
[2025-04-16T11:05:13.446+0000] {standard_task_runner.py:105} INFO - Job 3: Subtask read_csv_file
[2025-04-16T11:05:13.492+0000] {task_command.py:467} INFO - Running <TaskInstance: retail_sales_csv_to_postgres.read_csv_file manual__2025-04-16T11:05:08.418671+00:00 [running]> on host f41c30084b7c
[2025-04-16T11:05:13.567+0000] {taskinstance.py:3134} INFO - Exporting env vars: AIRFLOW_CTX_DAG_OWNER='***' AIRFLOW_CTX_DAG_ID='retail_sales_csv_to_postgres' AIRFLOW_CTX_TASK_ID='read_csv_file' AIRFLOW_CTX_EXECUTION_DATE='2025-04-16T11:05:08.418671+00:00' AIRFLOW_CTX_TRY_NUMBER='1' AIRFLOW_CTX_DAG_RUN_ID='manual__2025-04-16T11:05:08.418671+00:00'
[2025-04-16T11:05:13.569+0000] {logging_mixin.py:190} INFO - Task instance is in running state
[2025-04-16T11:05:13.570+0000] {logging_mixin.py:190} INFO -  Previous state of the Task instance: queued
[2025-04-16T11:05:13.571+0000] {logging_mixin.py:190} INFO - Current task name:read_csv_file state:running start_date:2025-04-16 11:05:13.393602+00:00
[2025-04-16T11:05:13.572+0000] {logging_mixin.py:190} INFO - Dag name:retail_sales_csv_to_postgres and current dag run status:running
[2025-04-16T11:05:13.573+0000] {taskinstance.py:732} INFO - ::endgroup::
[2025-04-16T11:05:13.626+0000] {python.py:240} INFO - Done. Returned value was: None
[2025-04-16T11:05:13.638+0000] {taskinstance.py:341} INFO - ::group::Post task execution logs
[2025-04-16T11:05:13.639+0000] {taskinstance.py:353} INFO - Marking task as SUCCESS. dag_id=retail_sales_csv_to_postgres, task_id=read_csv_file, run_id=manual__2025-04-16T11:05:08.418671+00:00, execution_date=20250416T110508, start_date=20250416T110513, end_date=20250416T110513
[2025-04-16T11:05:13.667+0000] {logging_mixin.py:190} INFO - Task instance in success state
[2025-04-16T11:05:13.668+0000] {logging_mixin.py:190} INFO -  Previous state of the Task instance: running
[2025-04-16T11:05:13.669+0000] {logging_mixin.py:190} INFO - Dag name:retail_sales_csv_to_postgres queued_at:2025-04-16 11:05:08.451911+00:00
[2025-04-16T11:05:13.670+0000] {logging_mixin.py:190} INFO - Task hostname:f41c30084b7c operator:PythonOperator
[2025-04-16T11:05:13.702+0000] {local_task_job_runner.py:266} INFO - Task exited with return code 0
[2025-04-16T11:05:13.739+0000] {taskinstance.py:3901} INFO - 1 downstream tasks scheduled from follow-on schedule check
[2025-04-16T11:05:13.742+0000] {local_task_job_runner.py:245} INFO - ::endgroup::
