[2025-04-16T11:05:18.705+0000] {local_task_job_runner.py:123} INFO - ::group::Pre task execution logs
[2025-04-16T11:05:18.730+0000] {taskinstance.py:2614} INFO - Dependencies all met for dep_context=non-requeueable deps ti=<TaskInstance: retail_sales_csv_to_postgres.load_data_to_postgres manual__2025-04-16T11:05:08.418671+00:00 [queued]>
[2025-04-16T11:05:18.741+0000] {taskinstance.py:2614} INFO - Dependencies all met for dep_context=requeueable deps ti=<TaskInstance: retail_sales_csv_to_postgres.load_data_to_postgres manual__2025-04-16T11:05:08.418671+00:00 [queued]>
[2025-04-16T11:05:18.742+0000] {taskinstance.py:2867} INFO - Starting attempt 1 of 2
[2025-04-16T11:05:18.767+0000] {taskinstance.py:2890} INFO - Executing <Task(PythonOperator): load_data_to_postgres> on 2025-04-16 11:05:08.418671+00:00
[2025-04-16T11:05:18.775+0000] {warnings.py:112} WARNING - /home/***/.local/lib/python3.12/site-packages/***/task/task_runner/standard_task_runner.py:70: DeprecationWarning: This process (pid=158) is multi-threaded, use of fork() may lead to deadlocks in the child.
  pid = os.fork()

[2025-04-16T11:05:18.778+0000] {standard_task_runner.py:72} INFO - Started process 160 to run task
[2025-04-16T11:05:18.778+0000] {standard_task_runner.py:104} INFO - Running: ['***', 'tasks', 'run', 'retail_sales_csv_to_postgres', 'load_data_to_postgres', 'manual__2025-04-16T11:05:08.418671+00:00', '--job-id', '5', '--raw', '--subdir', 'DAGS_FOLDER/retail_sales.py', '--cfg-path', '/tmp/tmpe67851e5']
[2025-04-16T11:05:18.780+0000] {standard_task_runner.py:105} INFO - Job 5: Subtask load_data_to_postgres
[2025-04-16T11:05:18.832+0000] {task_command.py:467} INFO - Running <TaskInstance: retail_sales_csv_to_postgres.load_data_to_postgres manual__2025-04-16T11:05:08.418671+00:00 [running]> on host f41c30084b7c
[2025-04-16T11:05:19.235+0000] {taskinstance.py:3134} INFO - Exporting env vars: AIRFLOW_CTX_DAG_OWNER='***' AIRFLOW_CTX_DAG_ID='retail_sales_csv_to_postgres' AIRFLOW_CTX_TASK_ID='load_data_to_postgres' AIRFLOW_CTX_EXECUTION_DATE='2025-04-16T11:05:08.418671+00:00' AIRFLOW_CTX_TRY_NUMBER='1' AIRFLOW_CTX_DAG_RUN_ID='manual__2025-04-16T11:05:08.418671+00:00'
[2025-04-16T11:05:19.238+0000] {logging_mixin.py:190} INFO - Task instance is in running state
[2025-04-16T11:05:19.239+0000] {logging_mixin.py:190} INFO -  Previous state of the Task instance: queued
[2025-04-16T11:05:19.241+0000] {logging_mixin.py:190} INFO - Current task name:load_data_to_postgres state:running start_date:2025-04-16 11:05:18.731499+00:00
[2025-04-16T11:05:19.242+0000] {logging_mixin.py:190} INFO - Dag name:retail_sales_csv_to_postgres and current dag run status:running
[2025-04-16T11:05:19.243+0000] {taskinstance.py:732} INFO - ::endgroup::
[2025-04-16T11:05:19.262+0000] {base.py:84} INFO - Retrieving connection 'postgres'
[2025-04-16T11:05:19.476+0000] {python.py:240} INFO - Done. Returned value was: None
[2025-04-16T11:05:19.487+0000] {taskinstance.py:341} INFO - ::group::Post task execution logs
[2025-04-16T11:05:19.490+0000] {taskinstance.py:353} INFO - Marking task as SUCCESS. dag_id=retail_sales_csv_to_postgres, task_id=load_data_to_postgres, run_id=manual__2025-04-16T11:05:08.418671+00:00, execution_date=20250416T110508, start_date=20250416T110518, end_date=20250416T110519
[2025-04-16T11:05:19.523+0000] {logging_mixin.py:190} INFO - Task instance in success state
[2025-04-16T11:05:19.524+0000] {logging_mixin.py:190} INFO -  Previous state of the Task instance: running
[2025-04-16T11:05:19.526+0000] {logging_mixin.py:190} INFO - Dag name:retail_sales_csv_to_postgres queued_at:2025-04-16 11:05:08.451911+00:00
[2025-04-16T11:05:19.528+0000] {logging_mixin.py:190} INFO - Task hostname:f41c30084b7c operator:PythonOperator
[2025-04-16T11:05:19.558+0000] {local_task_job_runner.py:266} INFO - Task exited with return code 0
[2025-04-16T11:05:19.579+0000] {taskinstance.py:3901} INFO - 0 downstream tasks scheduled from follow-on schedule check
[2025-04-16T11:05:19.582+0000] {local_task_job_runner.py:245} INFO - ::endgroup::
