[2025-04-16T11:05:15.540+0000] {local_task_job_runner.py:123} INFO - ::group::Pre task execution logs
[2025-04-16T11:05:15.564+0000] {taskinstance.py:2614} INFO - Dependencies all met for dep_context=non-requeueable deps ti=<TaskInstance: retail_sales_csv_to_postgres.create_postgres_table manual__2025-04-16T11:05:08.418671+00:00 [queued]>
[2025-04-16T11:05:15.576+0000] {taskinstance.py:2614} INFO - Dependencies all met for dep_context=requeueable deps ti=<TaskInstance: retail_sales_csv_to_postgres.create_postgres_table manual__2025-04-16T11:05:08.418671+00:00 [queued]>
[2025-04-16T11:05:15.580+0000] {taskinstance.py:2867} INFO - Starting attempt 1 of 2
[2025-04-16T11:05:15.601+0000] {taskinstance.py:2890} INFO - Executing <Task(PythonOperator): create_postgres_table> on 2025-04-16 11:05:08.418671+00:00
[2025-04-16T11:05:15.608+0000] {warnings.py:112} WARNING - /home/***/.local/lib/python3.12/site-packages/***/task/task_runner/standard_task_runner.py:70: DeprecationWarning: This process (pid=154) is multi-threaded, use of fork() may lead to deadlocks in the child.
  pid = os.fork()

[2025-04-16T11:05:15.611+0000] {standard_task_runner.py:104} INFO - Running: ['***', 'tasks', 'run', 'retail_sales_csv_to_postgres', 'create_postgres_table', 'manual__2025-04-16T11:05:08.418671+00:00', '--job-id', '4', '--raw', '--subdir', 'DAGS_FOLDER/retail_sales.py', '--cfg-path', '/tmp/tmpjj7zz__4']
[2025-04-16T11:05:15.612+0000] {standard_task_runner.py:72} INFO - Started process 156 to run task
[2025-04-16T11:05:15.614+0000] {standard_task_runner.py:105} INFO - Job 4: Subtask create_postgres_table
[2025-04-16T11:05:15.668+0000] {task_command.py:467} INFO - Running <TaskInstance: retail_sales_csv_to_postgres.create_postgres_table manual__2025-04-16T11:05:08.418671+00:00 [running]> on host f41c30084b7c
[2025-04-16T11:05:15.946+0000] {taskinstance.py:3134} INFO - Exporting env vars: AIRFLOW_CTX_DAG_OWNER='***' AIRFLOW_CTX_DAG_ID='retail_sales_csv_to_postgres' AIRFLOW_CTX_TASK_ID='create_postgres_table' AIRFLOW_CTX_EXECUTION_DATE='2025-04-16T11:05:08.418671+00:00' AIRFLOW_CTX_TRY_NUMBER='1' AIRFLOW_CTX_DAG_RUN_ID='manual__2025-04-16T11:05:08.418671+00:00'
[2025-04-16T11:05:15.947+0000] {logging_mixin.py:190} INFO - Task instance is in running state
[2025-04-16T11:05:15.948+0000] {logging_mixin.py:190} INFO -  Previous state of the Task instance: queued
[2025-04-16T11:05:15.949+0000] {logging_mixin.py:190} INFO - Current task name:create_postgres_table state:running start_date:2025-04-16 11:05:15.567020+00:00
[2025-04-16T11:05:15.950+0000] {logging_mixin.py:190} INFO - Dag name:retail_sales_csv_to_postgres and current dag run status:running
[2025-04-16T11:05:15.951+0000] {taskinstance.py:732} INFO - ::endgroup::
[2025-04-16T11:05:15.961+0000] {base.py:84} INFO - Retrieving connection 'postgres'
[2025-04-16T11:05:15.965+0000] {sql.py:511} INFO - Running statement: 
CREATE TABLE IF NOT EXISTS sales (
    transaction_id INT PRIMARY KEY,
    date DATE,
    customer_id VARCHAR,
    gender VARCHAR,
    age INT,
    product_category VARCHAR,
    quantity INT,
    price_per_unit NUMERIC,
    total_amount NUMERIC
);
, parameters: None
[2025-04-16T11:05:15.977+0000] {python.py:240} INFO - Done. Returned value was: None
[2025-04-16T11:05:15.986+0000] {taskinstance.py:341} INFO - ::group::Post task execution logs
[2025-04-16T11:05:15.986+0000] {taskinstance.py:353} INFO - Marking task as SUCCESS. dag_id=retail_sales_csv_to_postgres, task_id=create_postgres_table, run_id=manual__2025-04-16T11:05:08.418671+00:00, execution_date=20250416T110508, start_date=20250416T110515, end_date=20250416T110515
[2025-04-16T11:05:16.010+0000] {logging_mixin.py:190} INFO - Task instance in success state
[2025-04-16T11:05:16.011+0000] {logging_mixin.py:190} INFO -  Previous state of the Task instance: running
[2025-04-16T11:05:16.012+0000] {logging_mixin.py:190} INFO - Dag name:retail_sales_csv_to_postgres queued_at:2025-04-16 11:05:08.451911+00:00
[2025-04-16T11:05:16.013+0000] {logging_mixin.py:190} INFO - Task hostname:f41c30084b7c operator:PythonOperator
[2025-04-16T11:05:16.033+0000] {local_task_job_runner.py:266} INFO - Task exited with return code 0
[2025-04-16T11:05:16.057+0000] {taskinstance.py:3901} INFO - 1 downstream tasks scheduled from follow-on schedule check
[2025-04-16T11:05:16.059+0000] {local_task_job_runner.py:245} INFO - ::endgroup::
